INFO  started: Metals version 0.8.4 in workspace 'C:\Users\HP\Desktop\Universidad\Tercer Semestre\Programación Orientada a Objetos\Practicas\Ejemplos de Casting'
INFO  time: initialize in 0.83s
WARN  no build tool detected in workspace 'C:\Users\HP\Desktop\Universidad\Tercer Semestre\Programación Orientada a Objetos\Practicas\Ejemplos de Casting'. The most common cause for this problem is that the editor was opened in the wrong working directory, for example if you use sbt then the workspace directory should contain build.sbt. 
WARN  no build target for: C:\Users\HP\Desktop\Universidad\Tercer Semestre\Programación Orientada a Objetos\Practicas\Ejemplos de Casting\CastingPrimitivo.scala
INFO  no build target: using presentation compiler with only scala-library
may 04, 2020 4:05:32 PM org.eclipse.lsp4j.jsonrpc.RemoteEndpoint handleCancellation
ADVERTENCIA: Unmatched cancel notification for request id 6
may 04, 2020 4:05:32 PM org.eclipse.lsp4j.jsonrpc.RemoteEndpoint handleCancellation
ADVERTENCIA: Unmatched cancel notification for request id 7
may 04, 2020 4:05:32 PM org.eclipse.lsp4j.jsonrpc.RemoteEndpoint handleCancellation
ADVERTENCIA: Unmatched cancel notification for request id 9
may 04, 2020 4:05:32 PM org.eclipse.lsp4j.jsonrpc.RemoteEndpoint handleCancellation
ADVERTENCIA: Unmatched cancel notification for request id 8
may 04, 2020 4:05:32 PM org.eclipse.lsp4j.jsonrpc.RemoteEndpoint handleCancellation
ADVERTENCIA: Unmatched cancel notification for request id 11
WARN  no build target for: C:\Users\HP\Desktop\Universidad\Tercer Semestre\Programación Orientada a Objetos\Practicas\Ejemplos de Casting\CastingPrimitivo.scala
WARN  no build target for: C:\Users\HP\Desktop\Universidad\Tercer Semestre\Programación Orientada a Objetos\Practicas\Ejemplos de Casting\CastingPrimitivo.scala
WARN  no build tool detected in workspace 'C:\Users\HP\Desktop\Universidad\Tercer Semestre\Programación Orientada a Objetos\Practicas\Ejemplos de Casting'. The most common cause for this problem is that the editor was opened in the wrong working directory, for example if you use sbt then the workspace directory should contain build.sbt. 
WARN  no build target for: C:\Users\HP\Desktop\Universidad\Tercer Semestre\Programación Orientada a Objetos\Practicas\Ejemplos de Casting\CastingPrimitivo.scala
WARN  no build target for: C:\Users\HP\Desktop\Universidad\Tercer Semestre\Programación Orientada a Objetos\Practicas\Ejemplos de Casting\CastingPrimitivo.scala
WARN  no build target for: C:\Users\HP\Desktop\Universidad\Tercer Semestre\Programación Orientada a Objetos\Practicas\Ejemplos de Casting\CastingPrimitivo.scala
WARN  no build target for: C:\Users\HP\Desktop\Universidad\Tercer Semestre\Programación Orientada a Objetos\Practicas\Ejemplos de Casting\CastingPrimitivo.scala
WARN  no build target for: C:\Users\HP\Desktop\Universidad\Tercer Semestre\Programación Orientada a Objetos\Practicas\Ejemplos de Casting\CastingPrimitivo.scala
WARN  no build target for: C:\Users\HP\Desktop\Universidad\Tercer Semestre\Programación Orientada a Objetos\Practicas\Ejemplos de Casting\CastingPrimitivo.scala
WARN  no build target for: C:\Users\HP\Desktop\Universidad\Tercer Semestre\Programación Orientada a Objetos\Practicas\Ejemplos de Casting\CastingPrimitivo.scala
WARN  no build target for: C:\Users\HP\Desktop\Universidad\Tercer Semestre\Programación Orientada a Objetos\Practicas\Ejemplos de Casting\CastingPrimitivo.scala
INFO  started: Metals version 0.8.4 in workspace 'C:\Users\HP\Desktop\Universidad\Tercer Semestre\Programación Orientada a Objetos\Practicas\Ejemplos de Casting'
INFO  time: initialize in 1.46s
WARN  no build tool detected in workspace 'C:\Users\HP\Desktop\Universidad\Tercer Semestre\Programación Orientada a Objetos\Practicas\Ejemplos de Casting'. The most common cause for this problem is that the editor was opened in the wrong working directory, for example if you use sbt then the workspace directory should contain build.sbt. 
WARN  no build target for: C:\Users\HP\Desktop\Universidad\Tercer Semestre\Programación Orientada a Objetos\Practicas\Ejemplos de Casting\CastingPrimitivo.scala
