INFO  started: Metals version 0.8.4 in workspace 'C:\Users\HP\Desktop\Universidad\Tercer Semestre\Programación Orientada a Objetos\Practicas'
INFO  time: initialize in 1.18s
WARN  no build tool detected in workspace 'C:\Users\HP\Desktop\Universidad\Tercer Semestre\Programación Orientada a Objetos\Practicas'. The most common cause for this problem is that the editor was opened in the wrong working directory, for example if you use sbt then the workspace directory should contain build.sbt. 
INFO  shutting down Metals
INFO  started: Metals version 0.8.4 in workspace 'C:\Users\HP\Desktop\Universidad\Tercer Semestre\Programación Orientada a Objetos\Practicas'
INFO  time: initialize in 1.15s
WARN  no build tool detected in workspace 'C:\Users\HP\Desktop\Universidad\Tercer Semestre\Programación Orientada a Objetos\Practicas'. The most common cause for this problem is that the editor was opened in the wrong working directory, for example if you use sbt then the workspace directory should contain build.sbt. 
WARN  no build target for: C:\Users\HP\Desktop\Universidad\Tercer Semestre\Programación Orientada a Objetos\Practicas\comidarapida2\src\test\scala\TestBDD\CajaTest.scala
INFO  no build target: using presentation compiler with only scala-library
WARN  no build target for: C:\Users\HP\Desktop\Universidad\Tercer Semestre\Programación Orientada a Objetos\Practicas\comidarapida2\src\test\scala\TestBDD\CajaTest.scala
WARN  no build target for: C:\Users\HP\Desktop\Universidad\Tercer Semestre\Programación Orientada a Objetos\Practicas\comidarapida2\src\test\scala\TestBDD\CajaTest.scala
WARN  no build tool detected in workspace 'C:\Users\HP\Desktop\Universidad\Tercer Semestre\Programación Orientada a Objetos\Practicas'. The most common cause for this problem is that the editor was opened in the wrong working directory, for example if you use sbt then the workspace directory should contain build.sbt. 
WARN  no build target for: C:\Users\HP\Desktop\Universidad\Tercer Semestre\Programación Orientada a Objetos\Practicas\comidarapida2\src\test\scala\TestBDD\CajaTest.scala
WARN  no build target for: C:\Users\HP\Desktop\Universidad\Tercer Semestre\Programación Orientada a Objetos\Practicas\comidarapida2\src\test\scala\TestBDD\CajaTest.scala
WARN  no build target for: C:\Users\HP\Desktop\Universidad\Tercer Semestre\Programación Orientada a Objetos\Practicas\comidarapida2\src\test\scala\TestBDD\CajaTest.scala
WARN  no build target for: C:\Users\HP\Desktop\Universidad\Tercer Semestre\Programación Orientada a Objetos\Practicas\comidarapida2\src\test\scala\TestBDD\CajaTest.scala
WARN  no build target for: C:\Users\HP\Desktop\Universidad\Tercer Semestre\Programación Orientada a Objetos\Practicas\comidarapida2\src\test\scala\TestBDD\CajaTest.scala
WARN  no build target for: C:\Users\HP\Desktop\Universidad\Tercer Semestre\Programación Orientada a Objetos\Practicas\comidarapida2\src\test\scala\TestBDD\CajaTest.scala
WARN  no build target for: C:\Users\HP\Desktop\Universidad\Tercer Semestre\Programación Orientada a Objetos\Practicas\comidarapida2\src\test\scala\TestBDD\CajaTest.scala
WARN  no build target for: C:\Users\HP\Desktop\Universidad\Tercer Semestre\Programación Orientada a Objetos\Practicas\comidarapida2\src\test\scala\TestBDD\CajaTest.scala
WARN  no build target for: C:\Users\HP\Desktop\Universidad\Tercer Semestre\Programación Orientada a Objetos\Practicas\comidarapida2\src\test\scala\TestBDD\CajaTest.scala
WARN  no build tool detected in workspace 'C:\Users\HP\Desktop\Universidad\Tercer Semestre\Programación Orientada a Objetos\Practicas'. The most common cause for this problem is that the editor was opened in the wrong working directory, for example if you use sbt then the workspace directory should contain build.sbt. 
WARN  no build tool detected in workspace 'C:\Users\HP\Desktop\Universidad\Tercer Semestre\Programación Orientada a Objetos\Practicas'. The most common cause for this problem is that the editor was opened in the wrong working directory, for example if you use sbt then the workspace directory should contain build.sbt. 
WARN  no build tool detected in workspace 'C:\Users\HP\Desktop\Universidad\Tercer Semestre\Programación Orientada a Objetos\Practicas'. The most common cause for this problem is that the editor was opened in the wrong working directory, for example if you use sbt then the workspace directory should contain build.sbt. 
WARN  no build tool detected in workspace 'C:\Users\HP\Desktop\Universidad\Tercer Semestre\Programación Orientada a Objetos\Practicas'. The most common cause for this problem is that the editor was opened in the wrong working directory, for example if you use sbt then the workspace directory should contain build.sbt. 
WARN  no build tool detected in workspace 'C:\Users\HP\Desktop\Universidad\Tercer Semestre\Programación Orientada a Objetos\Practicas'. The most common cause for this problem is that the editor was opened in the wrong working directory, for example if you use sbt then the workspace directory should contain build.sbt. 
WARN  no build tool detected in workspace 'C:\Users\HP\Desktop\Universidad\Tercer Semestre\Programación Orientada a Objetos\Practicas'. The most common cause for this problem is that the editor was opened in the wrong working directory, for example if you use sbt then the workspace directory should contain build.sbt. 
WARN  no build target for: C:\Users\HP\Desktop\Universidad\Tercer Semestre\Programación Orientada a Objetos\Practicas\comidarapida2\src\test\scala\TestBDD\CajaTest.scala
WARN  no build target for: C:\Users\HP\Desktop\Universidad\Tercer Semestre\Programación Orientada a Objetos\Practicas\comidarapida2\src\main\scala\InterfazUsuario\Caja.scala
WARN  no build target for: C:\Users\HP\Desktop\Universidad\Tercer Semestre\Programación Orientada a Objetos\Practicas\comidarapida2\src\test\scala\TestBDD\CajaTest.scala
WARN  no build target for: C:\Users\HP\Desktop\Universidad\Tercer Semestre\Programación Orientada a Objetos\Practicas\comidarapida2\src\main\scala\InterfazUsuario\Caja.scala
WARN  no build tool detected in workspace 'C:\Users\HP\Desktop\Universidad\Tercer Semestre\Programación Orientada a Objetos\Practicas'. The most common cause for this problem is that the editor was opened in the wrong working directory, for example if you use sbt then the workspace directory should contain build.sbt. 
WARN  no build tool detected in workspace 'C:\Users\HP\Desktop\Universidad\Tercer Semestre\Programación Orientada a Objetos\Practicas'. The most common cause for this problem is that the editor was opened in the wrong working directory, for example if you use sbt then the workspace directory should contain build.sbt. 
WARN  no build tool detected in workspace 'C:\Users\HP\Desktop\Universidad\Tercer Semestre\Programación Orientada a Objetos\Practicas'. The most common cause for this problem is that the editor was opened in the wrong working directory, for example if you use sbt then the workspace directory should contain build.sbt. 
WARN  no build target for: C:\Users\HP\Desktop\Universidad\Tercer Semestre\Programación Orientada a Objetos\Practicas\comidarapida2\src\test\scala\TestBDD\CajaTest.scala
WARN  no build target for: C:\Users\HP\Desktop\Universidad\Tercer Semestre\Programación Orientada a Objetos\Practicas\comidarapida2\src\test\scala\TestBDD\CajaTest.scala
WARN  no build tool detected in workspace 'C:\Users\HP\Desktop\Universidad\Tercer Semestre\Programación Orientada a Objetos\Practicas'. The most common cause for this problem is that the editor was opened in the wrong working directory, for example if you use sbt then the workspace directory should contain build.sbt. 
WARN  no build tool detected in workspace 'C:\Users\HP\Desktop\Universidad\Tercer Semestre\Programación Orientada a Objetos\Practicas'. The most common cause for this problem is that the editor was opened in the wrong working directory, for example if you use sbt then the workspace directory should contain build.sbt. 
WARN  no build target for: C:\Users\HP\Desktop\Universidad\Tercer Semestre\Programación Orientada a Objetos\Practicas\comidarapida2\src\test\scala\TestBDD\CajaTest.scala
WARN  no build target for: C:\Users\HP\Desktop\Universidad\Tercer Semestre\Programación Orientada a Objetos\Practicas\comidarapida2\src\test\scala\TestBDD\CajaTest.scala
WARN  no build tool detected in workspace 'C:\Users\HP\Desktop\Universidad\Tercer Semestre\Programación Orientada a Objetos\Practicas'. The most common cause for this problem is that the editor was opened in the wrong working directory, for example if you use sbt then the workspace directory should contain build.sbt. 
WARN  no build target for: C:\Users\HP\Desktop\Universidad\Tercer Semestre\Programación Orientada a Objetos\Practicas\comidarapida2\src\test\scala\TestBDD\CajaTest.scala
WARN  no build target for: C:\Users\HP\Desktop\Universidad\Tercer Semestre\Programación Orientada a Objetos\Practicas\comidarapida2\src\test\scala\TestBDD\CajaTest.scala
WARN  no build tool detected in workspace 'C:\Users\HP\Desktop\Universidad\Tercer Semestre\Programación Orientada a Objetos\Practicas'. The most common cause for this problem is that the editor was opened in the wrong working directory, for example if you use sbt then the workspace directory should contain build.sbt. 
WARN  no build tool detected in workspace 'C:\Users\HP\Desktop\Universidad\Tercer Semestre\Programación Orientada a Objetos\Practicas'. The most common cause for this problem is that the editor was opened in the wrong working directory, for example if you use sbt then the workspace directory should contain build.sbt. 
WARN  no build target for: C:\Users\HP\Desktop\Universidad\Tercer Semestre\Programación Orientada a Objetos\Practicas\comidarapida2\src\test\scala\TestBDD\CajaTest.scala
WARN  no build target for: C:\Users\HP\Desktop\Universidad\Tercer Semestre\Programación Orientada a Objetos\Practicas\comidarapida2\src\test\scala\TestBDD\CajaTest.scala
WARN  no build target for: C:\Users\HP\Desktop\Universidad\Tercer Semestre\Programación Orientada a Objetos\Practicas\comidarapida2\src\test\scala\TestBDD\CajaTest.scala
WARN  no build target for: C:\Users\HP\Desktop\Universidad\Tercer Semestre\Programación Orientada a Objetos\Practicas\comidarapida2\src\test\scala\TestBDD\CajaTest.scala
WARN  no build target for: C:\Users\HP\Desktop\Universidad\Tercer Semestre\Programación Orientada a Objetos\Practicas\comidarapida2\src\test\scala\TestBDD\CajaTest.scala
WARN  no build tool detected in workspace 'C:\Users\HP\Desktop\Universidad\Tercer Semestre\Programación Orientada a Objetos\Practicas'. The most common cause for this problem is that the editor was opened in the wrong working directory, for example if you use sbt then the workspace directory should contain build.sbt. 
WARN  no build target for: C:\Users\HP\Desktop\Universidad\Tercer Semestre\Programación Orientada a Objetos\Practicas\comidarapida2\src\test\scala\TestBDD\CajaTest.scala
WARN  no build target for: C:\Users\HP\Desktop\Universidad\Tercer Semestre\Programación Orientada a Objetos\Practicas\comidarapida2\src\test\scala\TestBDD\CajaTest.scala
WARN  no build target for: C:\Users\HP\Desktop\Universidad\Tercer Semestre\Programación Orientada a Objetos\Practicas\comidarapida2\src\test\scala\TestBDD\CajaTest.scala
WARN  no build target for: C:\Users\HP\Desktop\Universidad\Tercer Semestre\Programación Orientada a Objetos\Practicas\comidarapida2\src\test\scala\TestBDD\CajaTest.scala
WARN  no build target for: C:\Users\HP\Desktop\Universidad\Tercer Semestre\Programación Orientada a Objetos\Practicas\comidarapida2\src\main\scala\InterfazUsuario\InterfazUsuario.scala
abr 28, 2020 6:57:09 PM org.eclipse.lsp4j.jsonrpc.RemoteEndpoint fallbackResponseError
GRAVE: Internal error: java.lang.IndexOutOfBoundsException: 1
java.util.concurrent.CompletionException: java.lang.IndexOutOfBoundsException: 1
	at java.util.concurrent.CompletableFuture.encodeThrowable(Unknown Source)
	at java.util.concurrent.CompletableFuture.completeThrowable(Unknown Source)
	at java.util.concurrent.CompletableFuture.uniAccept(Unknown Source)
	at java.util.concurrent.CompletableFuture$UniAccept.tryFire(Unknown Source)
	at java.util.concurrent.CompletableFuture.postComplete(Unknown Source)
	at java.util.concurrent.CompletableFuture.complete(Unknown Source)
	at scala.meta.internal.metals.CancelTokens$.$anonfun$future$1(CancelTokens.scala:40)
	at scala.meta.internal.metals.CancelTokens$.$anonfun$future$1$adapted(CancelTokens.scala:36)
	at scala.concurrent.impl.CallbackRunnable.run(Promise.scala:64)
	at java.util.concurrent.ThreadPoolExecutor.runWorker(Unknown Source)
	at java.util.concurrent.ThreadPoolExecutor$Worker.run(Unknown Source)
	at java.lang.Thread.run(Unknown Source)
Caused by: java.lang.IndexOutOfBoundsException: 1
	at scala.reflect.internal.util.BatchSourceFile.lineToOffset(SourceFile.scala:188)
	at scala.meta.internal.pc.AutoImports.autoImportPosition(AutoImports.scala:66)
	at scala.meta.internal.pc.AutoImports.autoImportPosition$(AutoImports.scala:43)
	at scala.meta.internal.pc.MetalsGlobal.autoImportPosition(MetalsGlobal.scala:25)
	at scala.meta.internal.pc.CompletionProvider.importPosition$lzycompute$1(CompletionProvider.scala:68)
	at scala.meta.internal.pc.CompletionProvider.importPosition$1(CompletionProvider.scala:68)
	at scala.meta.internal.pc.CompletionProvider.$anonfun$completions$1(CompletionProvider.scala:141)
	at scala.collection.Iterator$$anon$10.next(Iterator.scala:461)
	at scala.collection.Iterator.toStream(Iterator.scala:1417)
	at scala.collection.Iterator.toStream$(Iterator.scala:1416)
	at scala.collection.AbstractIterator.toStream(Iterator.scala:1431)
	at scala.collection.Iterator.$anonfun$toStream$1(Iterator.scala:1417)
	at scala.collection.immutable.Stream$Cons.tail(Stream.scala:1173)
	at scala.collection.immutable.Stream$Cons.tail(Stream.scala:1163)
	at scala.collection.immutable.StreamIterator.$anonfun$next$1(Stream.scala:1061)
	at scala.collection.immutable.StreamIterator$LazyCell.v$lzycompute(Stream.scala:1050)
	at scala.collection.immutable.StreamIterator$LazyCell.v(Stream.scala:1050)
	at scala.collection.immutable.StreamIterator.hasNext(Stream.scala:1055)
	at scala.collection.convert.Wrappers$IteratorWrapper.hasNext(Wrappers.scala:31)
	at org.eclipse.lsp4j.jsonrpc.json.adapters.CollectionTypeAdapter.write(CollectionTypeAdapter.java:134)
	at org.eclipse.lsp4j.jsonrpc.json.adapters.CollectionTypeAdapter.write(CollectionTypeAdapter.java:40)
	at com.google.gson.internal.bind.TypeAdapterRuntimeTypeWrapper.write(TypeAdapterRuntimeTypeWrapper.java:69)
	at com.google.gson.internal.bind.ReflectiveTypeAdapterFactory$1.write(ReflectiveTypeAdapterFactory.java:125)
	at com.google.gson.internal.bind.ReflectiveTypeAdapterFactory$Adapter.write(ReflectiveTypeAdapterFactory.java:243)
	at com.google.gson.Gson.toJson(Gson.java:669)
	at org.eclipse.lsp4j.jsonrpc.json.adapters.MessageTypeAdapter.write(MessageTypeAdapter.java:423)
	at org.eclipse.lsp4j.jsonrpc.json.adapters.MessageTypeAdapter.write(MessageTypeAdapter.java:55)
	at com.google.gson.Gson.toJson(Gson.java:669)
	at com.google.gson.Gson.toJson(Gson.java:648)
	at org.eclipse.lsp4j.jsonrpc.json.MessageJsonHandler.serialize(MessageJsonHandler.java:145)
	at org.eclipse.lsp4j.jsonrpc.json.MessageJsonHandler.serialize(MessageJsonHandler.java:140)
	at org.eclipse.lsp4j.jsonrpc.json.StreamMessageConsumer.consume(StreamMessageConsumer.java:59)
	at org.eclipse.lsp4j.jsonrpc.RemoteEndpoint.lambda$handleRequest$1(RemoteEndpoint.java:281)
	... 10 more

abr 28, 2020 6:57:11 PM org.eclipse.lsp4j.jsonrpc.RemoteEndpoint fallbackResponseError
GRAVE: Internal error: java.lang.IndexOutOfBoundsException: 1
java.util.concurrent.CompletionException: java.lang.IndexOutOfBoundsException: 1
	at java.util.concurrent.CompletableFuture.encodeThrowable(Unknown Source)
	at java.util.concurrent.CompletableFuture.completeThrowable(Unknown Source)
	at java.util.concurrent.CompletableFuture.uniAccept(Unknown Source)
	at java.util.concurrent.CompletableFuture$UniAccept.tryFire(Unknown Source)
	at java.util.concurrent.CompletableFuture.postComplete(Unknown Source)
	at java.util.concurrent.CompletableFuture.complete(Unknown Source)
	at scala.meta.internal.metals.CancelTokens$.$anonfun$future$1(CancelTokens.scala:40)
	at scala.meta.internal.metals.CancelTokens$.$anonfun$future$1$adapted(CancelTokens.scala:36)
	at scala.concurrent.impl.CallbackRunnable.run(Promise.scala:64)
	at java.util.concurrent.ThreadPoolExecutor.runWorker(Unknown Source)
	at java.util.concurrent.ThreadPoolExecutor$Worker.run(Unknown Source)
	at java.lang.Thread.run(Unknown Source)
Caused by: java.lang.IndexOutOfBoundsException: 1
	at scala.reflect.internal.util.BatchSourceFile.lineToOffset(SourceFile.scala:188)
	at scala.meta.internal.pc.AutoImports.autoImportPosition(AutoImports.scala:66)
	at scala.meta.internal.pc.AutoImports.autoImportPosition$(AutoImports.scala:43)
	at scala.meta.internal.pc.MetalsGlobal.autoImportPosition(MetalsGlobal.scala:25)
	at scala.meta.internal.pc.CompletionProvider.importPosition$lzycompute$1(CompletionProvider.scala:68)
	at scala.meta.internal.pc.CompletionProvider.importPosition$1(CompletionProvider.scala:68)
	at scala.meta.internal.pc.CompletionProvider.$anonfun$completions$1(CompletionProvider.scala:141)
	at scala.collection.Iterator$$anon$10.next(Iterator.scala:461)
	at scala.collection.Iterator.toStream(Iterator.scala:1417)
	at scala.collection.Iterator.toStream$(Iterator.scala:1416)
	at scala.collection.AbstractIterator.toStream(Iterator.scala:1431)
	at scala.collection.Iterator.$anonfun$toStream$1(Iterator.scala:1417)
	at scala.collection.immutable.Stream$Cons.tail(Stream.scala:1173)
	at scala.collection.immutable.Stream$Cons.tail(Stream.scala:1163)
	at scala.collection.immutable.StreamIterator.$anonfun$next$1(Stream.scala:1061)
	at scala.collection.immutable.StreamIterator$LazyCell.v$lzycompute(Stream.scala:1050)
	at scala.collection.immutable.StreamIterator$LazyCell.v(Stream.scala:1050)
	at scala.collection.immutable.StreamIterator.hasNext(Stream.scala:1055)
	at scala.collection.convert.Wrappers$IteratorWrapper.hasNext(Wrappers.scala:31)
	at org.eclipse.lsp4j.jsonrpc.json.adapters.CollectionTypeAdapter.write(CollectionTypeAdapter.java:134)
	at org.eclipse.lsp4j.jsonrpc.json.adapters.CollectionTypeAdapter.write(CollectionTypeAdapter.java:40)
	at com.google.gson.internal.bind.TypeAdapterRuntimeTypeWrapper.write(TypeAdapterRuntimeTypeWrapper.java:69)
	at com.google.gson.internal.bind.ReflectiveTypeAdapterFactory$1.write(ReflectiveTypeAdapterFactory.java:125)
	at com.google.gson.internal.bind.ReflectiveTypeAdapterFactory$Adapter.write(ReflectiveTypeAdapterFactory.java:243)
	at com.google.gson.Gson.toJson(Gson.java:669)
	at org.eclipse.lsp4j.jsonrpc.json.adapters.MessageTypeAdapter.write(MessageTypeAdapter.java:423)
	at org.eclipse.lsp4j.jsonrpc.json.adapters.MessageTypeAdapter.write(MessageTypeAdapter.java:55)
	at com.google.gson.Gson.toJson(Gson.java:669)
	at com.google.gson.Gson.toJson(Gson.java:648)
	at org.eclipse.lsp4j.jsonrpc.json.MessageJsonHandler.serialize(MessageJsonHandler.java:145)
	at org.eclipse.lsp4j.jsonrpc.json.MessageJsonHandler.serialize(MessageJsonHandler.java:140)
	at org.eclipse.lsp4j.jsonrpc.json.StreamMessageConsumer.consume(StreamMessageConsumer.java:59)
	at org.eclipse.lsp4j.jsonrpc.RemoteEndpoint.lambda$handleRequest$1(RemoteEndpoint.java:281)
	... 10 more

abr 28, 2020 6:57:11 PM org.eclipse.lsp4j.jsonrpc.RemoteEndpoint fallbackResponseError
GRAVE: Internal error: java.lang.IndexOutOfBoundsException: 1
java.util.concurrent.CompletionException: java.lang.IndexOutOfBoundsException: 1
	at java.util.concurrent.CompletableFuture.encodeThrowable(Unknown Source)
	at java.util.concurrent.CompletableFuture.completeThrowable(Unknown Source)
	at java.util.concurrent.CompletableFuture.uniAccept(Unknown Source)
	at java.util.concurrent.CompletableFuture$UniAccept.tryFire(Unknown Source)
	at java.util.concurrent.CompletableFuture.postComplete(Unknown Source)
	at java.util.concurrent.CompletableFuture.complete(Unknown Source)
	at scala.meta.internal.metals.CancelTokens$.$anonfun$future$1(CancelTokens.scala:40)
	at scala.meta.internal.metals.CancelTokens$.$anonfun$future$1$adapted(CancelTokens.scala:36)
	at scala.concurrent.impl.CallbackRunnable.run(Promise.scala:64)
	at java.util.concurrent.ThreadPoolExecutor.runWorker(Unknown Source)
	at java.util.concurrent.ThreadPoolExecutor$Worker.run(Unknown Source)
	at java.lang.Thread.run(Unknown Source)
Caused by: java.lang.IndexOutOfBoundsException: 1
	at scala.reflect.internal.util.BatchSourceFile.lineToOffset(SourceFile.scala:188)
	at scala.meta.internal.pc.AutoImports.autoImportPosition(AutoImports.scala:66)
	at scala.meta.internal.pc.AutoImports.autoImportPosition$(AutoImports.scala:43)
	at scala.meta.internal.pc.MetalsGlobal.autoImportPosition(MetalsGlobal.scala:25)
	at scala.meta.internal.pc.CompletionProvider.importPosition$lzycompute$1(CompletionProvider.scala:68)
	at scala.meta.internal.pc.CompletionProvider.importPosition$1(CompletionProvider.scala:68)
	at scala.meta.internal.pc.CompletionProvider.$anonfun$completions$1(CompletionProvider.scala:141)
	at scala.collection.Iterator$$anon$10.next(Iterator.scala:461)
	at scala.collection.Iterator.toStream(Iterator.scala:1417)
	at scala.collection.Iterator.toStream$(Iterator.scala:1416)
	at scala.collection.AbstractIterator.toStream(Iterator.scala:1431)
	at scala.collection.Iterator.$anonfun$toStream$1(Iterator.scala:1417)
	at scala.collection.immutable.Stream$Cons.tail(Stream.scala:1173)
	at scala.collection.immutable.Stream$Cons.tail(Stream.scala:1163)
	at scala.collection.immutable.StreamIterator.$anonfun$next$1(Stream.scala:1061)
	at scala.collection.immutable.StreamIterator$LazyCell.v$lzycompute(Stream.scala:1050)
	at scala.collection.immutable.StreamIterator$LazyCell.v(Stream.scala:1050)
	at scala.collection.immutable.StreamIterator.hasNext(Stream.scala:1055)
	at scala.collection.convert.Wrappers$IteratorWrapper.hasNext(Wrappers.scala:31)
	at org.eclipse.lsp4j.jsonrpc.json.adapters.CollectionTypeAdapter.write(CollectionTypeAdapter.java:134)
	at org.eclipse.lsp4j.jsonrpc.json.adapters.CollectionTypeAdapter.write(CollectionTypeAdapter.java:40)
	at com.google.gson.internal.bind.TypeAdapterRuntimeTypeWrapper.write(TypeAdapterRuntimeTypeWrapper.java:69)
	at com.google.gson.internal.bind.ReflectiveTypeAdapterFactory$1.write(ReflectiveTypeAdapterFactory.java:125)
	at com.google.gson.internal.bind.ReflectiveTypeAdapterFactory$Adapter.write(ReflectiveTypeAdapterFactory.java:243)
	at com.google.gson.Gson.toJson(Gson.java:669)
	at org.eclipse.lsp4j.jsonrpc.json.adapters.MessageTypeAdapter.write(MessageTypeAdapter.java:423)
	at org.eclipse.lsp4j.jsonrpc.json.adapters.MessageTypeAdapter.write(MessageTypeAdapter.java:55)
	at com.google.gson.Gson.toJson(Gson.java:669)
	at com.google.gson.Gson.toJson(Gson.java:648)
	at org.eclipse.lsp4j.jsonrpc.json.MessageJsonHandler.serialize(MessageJsonHandler.java:145)
	at org.eclipse.lsp4j.jsonrpc.json.MessageJsonHandler.serialize(MessageJsonHandler.java:140)
	at org.eclipse.lsp4j.jsonrpc.json.StreamMessageConsumer.consume(StreamMessageConsumer.java:59)
	at org.eclipse.lsp4j.jsonrpc.RemoteEndpoint.lambda$handleRequest$1(RemoteEndpoint.java:281)
	... 10 more

abr 28, 2020 6:57:15 PM org.eclipse.lsp4j.jsonrpc.RemoteEndpoint fallbackResponseError
GRAVE: Internal error: java.lang.IndexOutOfBoundsException: 1
java.util.concurrent.CompletionException: java.lang.IndexOutOfBoundsException: 1
	at java.util.concurrent.CompletableFuture.encodeThrowable(Unknown Source)
	at java.util.concurrent.CompletableFuture.completeThrowable(Unknown Source)
	at java.util.concurrent.CompletableFuture.uniAccept(Unknown Source)
	at java.util.concurrent.CompletableFuture$UniAccept.tryFire(Unknown Source)
	at java.util.concurrent.CompletableFuture.postComplete(Unknown Source)
	at java.util.concurrent.CompletableFuture.complete(Unknown Source)
	at scala.meta.internal.metals.CancelTokens$.$anonfun$future$1(CancelTokens.scala:40)
	at scala.meta.internal.metals.CancelTokens$.$anonfun$future$1$adapted(CancelTokens.scala:36)
	at scala.concurrent.impl.CallbackRunnable.run(Promise.scala:64)
	at java.util.concurrent.ThreadPoolExecutor.runWorker(Unknown Source)
	at java.util.concurrent.ThreadPoolExecutor$Worker.run(Unknown Source)
	at java.lang.Thread.run(Unknown Source)
Caused by: java.lang.IndexOutOfBoundsException: 1
	at scala.reflect.internal.util.BatchSourceFile.lineToOffset(SourceFile.scala:188)
	at scala.meta.internal.pc.AutoImports.autoImportPosition(AutoImports.scala:66)
	at scala.meta.internal.pc.AutoImports.autoImportPosition$(AutoImports.scala:43)
	at scala.meta.internal.pc.MetalsGlobal.autoImportPosition(MetalsGlobal.scala:25)
	at scala.meta.internal.pc.CompletionProvider.importPosition$lzycompute$1(CompletionProvider.scala:68)
	at scala.meta.internal.pc.CompletionProvider.importPosition$1(CompletionProvider.scala:68)
	at scala.meta.internal.pc.CompletionProvider.$anonfun$completions$1(CompletionProvider.scala:141)
	at scala.collection.Iterator$$anon$10.next(Iterator.scala:461)
	at scala.collection.Iterator.toStream(Iterator.scala:1417)
	at scala.collection.Iterator.toStream$(Iterator.scala:1416)
	at scala.collection.AbstractIterator.toStream(Iterator.scala:1431)
	at scala.collection.Iterator.$anonfun$toStream$1(Iterator.scala:1417)
	at scala.collection.immutable.Stream$Cons.tail(Stream.scala:1173)
	at scala.collection.immutable.Stream$Cons.tail(Stream.scala:1163)
	at scala.collection.immutable.StreamIterator.$anonfun$next$1(Stream.scala:1061)
	at scala.collection.immutable.StreamIterator$LazyCell.v$lzycompute(Stream.scala:1050)
	at scala.collection.immutable.StreamIterator$LazyCell.v(Stream.scala:1050)
	at scala.collection.immutable.StreamIterator.hasNext(Stream.scala:1055)
	at scala.collection.convert.Wrappers$IteratorWrapper.hasNext(Wrappers.scala:31)
	at org.eclipse.lsp4j.jsonrpc.json.adapters.CollectionTypeAdapter.write(CollectionTypeAdapter.java:134)
	at org.eclipse.lsp4j.jsonrpc.json.adapters.CollectionTypeAdapter.write(CollectionTypeAdapter.java:40)
	at com.google.gson.internal.bind.TypeAdapterRuntimeTypeWrapper.write(TypeAdapterRuntimeTypeWrapper.java:69)
	at com.google.gson.internal.bind.ReflectiveTypeAdapterFactory$1.write(ReflectiveTypeAdapterFactory.java:125)
	at com.google.gson.internal.bind.ReflectiveTypeAdapterFactory$Adapter.write(ReflectiveTypeAdapterFactory.java:243)
	at com.google.gson.Gson.toJson(Gson.java:669)
	at org.eclipse.lsp4j.jsonrpc.json.adapters.MessageTypeAdapter.write(MessageTypeAdapter.java:423)
	at org.eclipse.lsp4j.jsonrpc.json.adapters.MessageTypeAdapter.write(MessageTypeAdapter.java:55)
	at com.google.gson.Gson.toJson(Gson.java:669)
	at com.google.gson.Gson.toJson(Gson.java:648)
	at org.eclipse.lsp4j.jsonrpc.json.MessageJsonHandler.serialize(MessageJsonHandler.java:145)
	at org.eclipse.lsp4j.jsonrpc.json.MessageJsonHandler.serialize(MessageJsonHandler.java:140)
	at org.eclipse.lsp4j.jsonrpc.json.StreamMessageConsumer.consume(StreamMessageConsumer.java:59)
	at org.eclipse.lsp4j.jsonrpc.RemoteEndpoint.lambda$handleRequest$1(RemoteEndpoint.java:281)
	... 10 more

abr 28, 2020 6:57:15 PM org.eclipse.lsp4j.jsonrpc.RemoteEndpoint fallbackResponseError
GRAVE: Internal error: java.lang.IndexOutOfBoundsException: 1
java.util.concurrent.CompletionException: java.lang.IndexOutOfBoundsException: 1
	at java.util.concurrent.CompletableFuture.encodeThrowable(Unknown Source)
	at java.util.concurrent.CompletableFuture.completeThrowable(Unknown Source)
	at java.util.concurrent.CompletableFuture.uniAccept(Unknown Source)
	at java.util.concurrent.CompletableFuture$UniAccept.tryFire(Unknown Source)
	at java.util.concurrent.CompletableFuture.postComplete(Unknown Source)
	at java.util.concurrent.CompletableFuture.complete(Unknown Source)
	at scala.meta.internal.metals.CancelTokens$.$anonfun$future$1(CancelTokens.scala:40)
	at scala.meta.internal.metals.CancelTokens$.$anonfun$future$1$adapted(CancelTokens.scala:36)
	at scala.concurrent.impl.CallbackRunnable.run(Promise.scala:64)
	at java.util.concurrent.ThreadPoolExecutor.runWorker(Unknown Source)
	at java.util.concurrent.ThreadPoolExecutor$Worker.run(Unknown Source)
	at java.lang.Thread.run(Unknown Source)
Caused by: java.lang.IndexOutOfBoundsException: 1
	at scala.reflect.internal.util.BatchSourceFile.lineToOffset(SourceFile.scala:188)
	at scala.meta.internal.pc.AutoImports.autoImportPosition(AutoImports.scala:66)
	at scala.meta.internal.pc.AutoImports.autoImportPosition$(AutoImports.scala:43)
	at scala.meta.internal.pc.MetalsGlobal.autoImportPosition(MetalsGlobal.scala:25)
	at scala.meta.internal.pc.CompletionProvider.importPosition$lzycompute$1(CompletionProvider.scala:68)
	at scala.meta.internal.pc.CompletionProvider.importPosition$1(CompletionProvider.scala:68)
	at scala.meta.internal.pc.CompletionProvider.$anonfun$completions$1(CompletionProvider.scala:141)
	at scala.collection.Iterator$$anon$10.next(Iterator.scala:461)
	at scala.collection.Iterator.toStream(Iterator.scala:1417)
	at scala.collection.Iterator.toStream$(Iterator.scala:1416)
	at scala.collection.AbstractIterator.toStream(Iterator.scala:1431)
	at scala.collection.Iterator.$anonfun$toStream$1(Iterator.scala:1417)
	at scala.collection.immutable.Stream$Cons.tail(Stream.scala:1173)
	at scala.collection.immutable.Stream$Cons.tail(Stream.scala:1163)
	at scala.collection.immutable.StreamIterator.$anonfun$next$1(Stream.scala:1061)
	at scala.collection.immutable.StreamIterator$LazyCell.v$lzycompute(Stream.scala:1050)
	at scala.collection.immutable.StreamIterator$LazyCell.v(Stream.scala:1050)
	at scala.collection.immutable.StreamIterator.hasNext(Stream.scala:1055)
	at scala.collection.convert.Wrappers$IteratorWrapper.hasNext(Wrappers.scala:31)
	at org.eclipse.lsp4j.jsonrpc.json.adapters.CollectionTypeAdapter.write(CollectionTypeAdapter.java:134)
	at org.eclipse.lsp4j.jsonrpc.json.adapters.CollectionTypeAdapter.write(CollectionTypeAdapter.java:40)
	at com.google.gson.internal.bind.TypeAdapterRuntimeTypeWrapper.write(TypeAdapterRuntimeTypeWrapper.java:69)
	at com.google.gson.internal.bind.ReflectiveTypeAdapterFactory$1.write(ReflectiveTypeAdapterFactory.java:125)
	at com.google.gson.internal.bind.ReflectiveTypeAdapterFactory$Adapter.write(ReflectiveTypeAdapterFactory.java:243)
	at com.google.gson.Gson.toJson(Gson.java:669)
	at org.eclipse.lsp4j.jsonrpc.json.adapters.MessageTypeAdapter.write(MessageTypeAdapter.java:423)
	at org.eclipse.lsp4j.jsonrpc.json.adapters.MessageTypeAdapter.write(MessageTypeAdapter.java:55)
	at com.google.gson.Gson.toJson(Gson.java:669)
	at com.google.gson.Gson.toJson(Gson.java:648)
	at org.eclipse.lsp4j.jsonrpc.json.MessageJsonHandler.serialize(MessageJsonHandler.java:145)
	at org.eclipse.lsp4j.jsonrpc.json.MessageJsonHandler.serialize(MessageJsonHandler.java:140)
	at org.eclipse.lsp4j.jsonrpc.json.StreamMessageConsumer.consume(StreamMessageConsumer.java:59)
	at org.eclipse.lsp4j.jsonrpc.RemoteEndpoint.lambda$handleRequest$1(RemoteEndpoint.java:281)
	... 10 more

abr 28, 2020 6:57:15 PM org.eclipse.lsp4j.jsonrpc.RemoteEndpoint fallbackResponseError
GRAVE: Internal error: java.lang.IndexOutOfBoundsException: 1
java.util.concurrent.CompletionException: java.lang.IndexOutOfBoundsException: 1
	at java.util.concurrent.CompletableFuture.encodeThrowable(Unknown Source)
	at java.util.concurrent.CompletableFuture.completeThrowable(Unknown Source)
	at java.util.concurrent.CompletableFuture.uniAccept(Unknown Source)
	at java.util.concurrent.CompletableFuture$UniAccept.tryFire(Unknown Source)
	at java.util.concurrent.CompletableFuture.postComplete(Unknown Source)
	at java.util.concurrent.CompletableFuture.complete(Unknown Source)
	at scala.meta.internal.metals.CancelTokens$.$anonfun$future$1(CancelTokens.scala:40)
	at scala.meta.internal.metals.CancelTokens$.$anonfun$future$1$adapted(CancelTokens.scala:36)
	at scala.concurrent.impl.CallbackRunnable.run(Promise.scala:64)
	at java.util.concurrent.ThreadPoolExecutor.runWorker(Unknown Source)
	at java.util.concurrent.ThreadPoolExecutor$Worker.run(Unknown Source)
	at java.lang.Thread.run(Unknown Source)
Caused by: java.lang.IndexOutOfBoundsException: 1
	at scala.reflect.internal.util.BatchSourceFile.lineToOffset(SourceFile.scala:188)
	at scala.meta.internal.pc.AutoImports.autoImportPosition(AutoImports.scala:66)
	at scala.meta.internal.pc.AutoImports.autoImportPosition$(AutoImports.scala:43)
	at scala.meta.internal.pc.MetalsGlobal.autoImportPosition(MetalsGlobal.scala:25)
	at scala.meta.internal.pc.CompletionProvider.importPosition$lzycompute$1(CompletionProvider.scala:68)
	at scala.meta.internal.pc.CompletionProvider.importPosition$1(CompletionProvider.scala:68)
	at scala.meta.internal.pc.CompletionProvider.$anonfun$completions$1(CompletionProvider.scala:141)
	at scala.collection.Iterator$$anon$10.next(Iterator.scala:461)
	at scala.collection.Iterator.toStream(Iterator.scala:1417)
	at scala.collection.Iterator.toStream$(Iterator.scala:1416)
	at scala.collection.AbstractIterator.toStream(Iterator.scala:1431)
	at scala.collection.Iterator.$anonfun$toStream$1(Iterator.scala:1417)
	at scala.collection.immutable.Stream$Cons.tail(Stream.scala:1173)
	at scala.collection.immutable.Stream$Cons.tail(Stream.scala:1163)
	at scala.collection.immutable.StreamIterator.$anonfun$next$1(Stream.scala:1061)
	at scala.collection.immutable.StreamIterator$LazyCell.v$lzycompute(Stream.scala:1050)
	at scala.collection.immutable.StreamIterator$LazyCell.v(Stream.scala:1050)
	at scala.collection.immutable.StreamIterator.hasNext(Stream.scala:1055)
	at scala.collection.convert.Wrappers$IteratorWrapper.hasNext(Wrappers.scala:31)
	at org.eclipse.lsp4j.jsonrpc.json.adapters.CollectionTypeAdapter.write(CollectionTypeAdapter.java:134)
	at org.eclipse.lsp4j.jsonrpc.json.adapters.CollectionTypeAdapter.write(CollectionTypeAdapter.java:40)
	at com.google.gson.internal.bind.TypeAdapterRuntimeTypeWrapper.write(TypeAdapterRuntimeTypeWrapper.java:69)
	at com.google.gson.internal.bind.ReflectiveTypeAdapterFactory$1.write(ReflectiveTypeAdapterFactory.java:125)
	at com.google.gson.internal.bind.ReflectiveTypeAdapterFactory$Adapter.write(ReflectiveTypeAdapterFactory.java:243)
	at com.google.gson.Gson.toJson(Gson.java:669)
	at org.eclipse.lsp4j.jsonrpc.json.adapters.MessageTypeAdapter.write(MessageTypeAdapter.java:423)
	at org.eclipse.lsp4j.jsonrpc.json.adapters.MessageTypeAdapter.write(MessageTypeAdapter.java:55)
	at com.google.gson.Gson.toJson(Gson.java:669)
	at com.google.gson.Gson.toJson(Gson.java:648)
	at org.eclipse.lsp4j.jsonrpc.json.MessageJsonHandler.serialize(MessageJsonHandler.java:145)
	at org.eclipse.lsp4j.jsonrpc.json.MessageJsonHandler.serialize(MessageJsonHandler.java:140)
	at org.eclipse.lsp4j.jsonrpc.json.StreamMessageConsumer.consume(StreamMessageConsumer.java:59)
	at org.eclipse.lsp4j.jsonrpc.RemoteEndpoint.lambda$handleRequest$1(RemoteEndpoint.java:281)
	... 10 more

abr 28, 2020 6:57:15 PM org.eclipse.lsp4j.jsonrpc.RemoteEndpoint fallbackResponseError
GRAVE: Internal error: java.lang.IndexOutOfBoundsException: 1
java.util.concurrent.CompletionException: java.lang.IndexOutOfBoundsException: 1
	at java.util.concurrent.CompletableFuture.encodeThrowable(Unknown Source)
	at java.util.concurrent.CompletableFuture.completeThrowable(Unknown Source)
	at java.util.concurrent.CompletableFuture.uniAccept(Unknown Source)
	at java.util.concurrent.CompletableFuture$UniAccept.tryFire(Unknown Source)
	at java.util.concurrent.CompletableFuture.postComplete(Unknown Source)
	at java.util.concurrent.CompletableFuture.complete(Unknown Source)
	at scala.meta.internal.metals.CancelTokens$.$anonfun$future$1(CancelTokens.scala:40)
	at scala.meta.internal.metals.CancelTokens$.$anonfun$future$1$adapted(CancelTokens.scala:36)
	at scala.concurrent.impl.CallbackRunnable.run(Promise.scala:64)
	at java.util.concurrent.ThreadPoolExecutor.runWorker(Unknown Source)
	at java.util.concurrent.ThreadPoolExecutor$Worker.run(Unknown Source)
	at java.lang.Thread.run(Unknown Source)
Caused by: java.lang.IndexOutOfBoundsException: 1
	at scala.reflect.internal.util.BatchSourceFile.lineToOffset(SourceFile.scala:188)
	at scala.meta.internal.pc.AutoImports.autoImportPosition(AutoImports.scala:66)
	at scala.meta.internal.pc.AutoImports.autoImportPosition$(AutoImports.scala:43)
	at scala.meta.internal.pc.MetalsGlobal.autoImportPosition(MetalsGlobal.scala:25)
	at scala.meta.internal.pc.CompletionProvider.importPosition$lzycompute$1(CompletionProvider.scala:68)
	at scala.meta.internal.pc.CompletionProvider.importPosition$1(CompletionProvider.scala:68)
	at scala.meta.internal.pc.CompletionProvider.$anonfun$completions$1(CompletionProvider.scala:141)
	at scala.collection.Iterator$$anon$10.next(Iterator.scala:461)
	at scala.collection.Iterator.toStream(Iterator.scala:1417)
	at scala.collection.Iterator.toStream$(Iterator.scala:1416)
	at scala.collection.AbstractIterator.toStream(Iterator.scala:1431)
	at scala.collection.Iterator.$anonfun$toStream$1(Iterator.scala:1417)
	at scala.collection.immutable.Stream$Cons.tail(Stream.scala:1173)
	at scala.collection.immutable.Stream$Cons.tail(Stream.scala:1163)
	at scala.collection.immutable.StreamIterator.$anonfun$next$1(Stream.scala:1061)
	at scala.collection.immutable.StreamIterator$LazyCell.v$lzycompute(Stream.scala:1050)
	at scala.collection.immutable.StreamIterator$LazyCell.v(Stream.scala:1050)
	at scala.collection.immutable.StreamIterator.hasNext(Stream.scala:1055)
	at scala.collection.convert.Wrappers$IteratorWrapper.hasNext(Wrappers.scala:31)
	at org.eclipse.lsp4j.jsonrpc.json.adapters.CollectionTypeAdapter.write(CollectionTypeAdapter.java:134)
	at org.eclipse.lsp4j.jsonrpc.json.adapters.CollectionTypeAdapter.write(CollectionTypeAdapter.java:40)
	at com.google.gson.internal.bind.TypeAdapterRuntimeTypeWrapper.write(TypeAdapterRuntimeTypeWrapper.java:69)
	at com.google.gson.internal.bind.ReflectiveTypeAdapterFactory$1.write(ReflectiveTypeAdapterFactory.java:125)
	at com.google.gson.internal.bind.ReflectiveTypeAdapterFactory$Adapter.write(ReflectiveTypeAdapterFactory.java:243)
	at com.google.gson.Gson.toJson(Gson.java:669)
	at org.eclipse.lsp4j.jsonrpc.json.adapters.MessageTypeAdapter.write(MessageTypeAdapter.java:423)
	at org.eclipse.lsp4j.jsonrpc.json.adapters.MessageTypeAdapter.write(MessageTypeAdapter.java:55)
	at com.google.gson.Gson.toJson(Gson.java:669)
	at com.google.gson.Gson.toJson(Gson.java:648)
	at org.eclipse.lsp4j.jsonrpc.json.MessageJsonHandler.serialize(MessageJsonHandler.java:145)
	at org.eclipse.lsp4j.jsonrpc.json.MessageJsonHandler.serialize(MessageJsonHandler.java:140)
	at org.eclipse.lsp4j.jsonrpc.json.StreamMessageConsumer.consume(StreamMessageConsumer.java:59)
	at org.eclipse.lsp4j.jsonrpc.RemoteEndpoint.lambda$handleRequest$1(RemoteEndpoint.java:281)
	... 10 more

abr 28, 2020 6:57:16 PM org.eclipse.lsp4j.jsonrpc.RemoteEndpoint fallbackResponseError
GRAVE: Internal error: java.lang.IndexOutOfBoundsException: 1
java.util.concurrent.CompletionException: java.lang.IndexOutOfBoundsException: 1
	at java.util.concurrent.CompletableFuture.encodeThrowable(Unknown Source)
	at java.util.concurrent.CompletableFuture.completeThrowable(Unknown Source)
	at java.util.concurrent.CompletableFuture.uniAccept(Unknown Source)
	at java.util.concurrent.CompletableFuture$UniAccept.tryFire(Unknown Source)
	at java.util.concurrent.CompletableFuture.postComplete(Unknown Source)
	at java.util.concurrent.CompletableFuture.complete(Unknown Source)
	at scala.meta.internal.metals.CancelTokens$.$anonfun$future$1(CancelTokens.scala:40)
	at scala.meta.internal.metals.CancelTokens$.$anonfun$future$1$adapted(CancelTokens.scala:36)
	at scala.concurrent.impl.CallbackRunnable.run(Promise.scala:64)
	at java.util.concurrent.ThreadPoolExecutor.runWorker(Unknown Source)
	at java.util.concurrent.ThreadPoolExecutor$Worker.run(Unknown Source)
	at java.lang.Thread.run(Unknown Source)
Caused by: java.lang.IndexOutOfBoundsException: 1
	at scala.reflect.internal.util.BatchSourceFile.lineToOffset(SourceFile.scala:188)
	at scala.meta.internal.pc.AutoImports.autoImportPosition(AutoImports.scala:66)
	at scala.meta.internal.pc.AutoImports.autoImportPosition$(AutoImports.scala:43)
	at scala.meta.internal.pc.MetalsGlobal.autoImportPosition(MetalsGlobal.scala:25)
	at scala.meta.internal.pc.CompletionProvider.importPosition$lzycompute$1(CompletionProvider.scala:68)
	at scala.meta.internal.pc.CompletionProvider.importPosition$1(CompletionProvider.scala:68)
	at scala.meta.internal.pc.CompletionProvider.$anonfun$completions$1(CompletionProvider.scala:141)
	at scala.collection.Iterator$$anon$10.next(Iterator.scala:461)
	at scala.collection.Iterator.toStream(Iterator.scala:1417)
	at scala.collection.Iterator.toStream$(Iterator.scala:1416)
	at scala.collection.AbstractIterator.toStream(Iterator.scala:1431)
	at scala.collection.Iterator.$anonfun$toStream$1(Iterator.scala:1417)
	at scala.collection.immutable.Stream$Cons.tail(Stream.scala:1173)
	at scala.collection.immutable.Stream$Cons.tail(Stream.scala:1163)
	at scala.collection.immutable.StreamIterator.$anonfun$next$1(Stream.scala:1061)
	at scala.collection.immutable.StreamIterator$LazyCell.v$lzycompute(Stream.scala:1050)
	at scala.collection.immutable.StreamIterator$LazyCell.v(Stream.scala:1050)
	at scala.collection.immutable.StreamIterator.hasNext(Stream.scala:1055)
	at scala.collection.convert.Wrappers$IteratorWrapper.hasNext(Wrappers.scala:31)
	at org.eclipse.lsp4j.jsonrpc.json.adapters.CollectionTypeAdapter.write(CollectionTypeAdapter.java:134)
	at org.eclipse.lsp4j.jsonrpc.json.adapters.CollectionTypeAdapter.write(CollectionTypeAdapter.java:40)
	at com.google.gson.internal.bind.TypeAdapterRuntimeTypeWrapper.write(TypeAdapterRuntimeTypeWrapper.java:69)
	at com.google.gson.internal.bind.ReflectiveTypeAdapterFactory$1.write(ReflectiveTypeAdapterFactory.java:125)
	at com.google.gson.internal.bind.ReflectiveTypeAdapterFactory$Adapter.write(ReflectiveTypeAdapterFactory.java:243)
	at com.google.gson.Gson.toJson(Gson.java:669)
	at org.eclipse.lsp4j.jsonrpc.json.adapters.MessageTypeAdapter.write(MessageTypeAdapter.java:423)
	at org.eclipse.lsp4j.jsonrpc.json.adapters.MessageTypeAdapter.write(MessageTypeAdapter.java:55)
	at com.google.gson.Gson.toJson(Gson.java:669)
	at com.google.gson.Gson.toJson(Gson.java:648)
	at org.eclipse.lsp4j.jsonrpc.json.MessageJsonHandler.serialize(MessageJsonHandler.java:145)
	at org.eclipse.lsp4j.jsonrpc.json.MessageJsonHandler.serialize(MessageJsonHandler.java:140)
	at org.eclipse.lsp4j.jsonrpc.json.StreamMessageConsumer.consume(StreamMessageConsumer.java:59)
	at org.eclipse.lsp4j.jsonrpc.RemoteEndpoint.lambda$handleRequest$1(RemoteEndpoint.java:281)
	... 10 more

WARN  no build target for: C:\Users\HP\Desktop\Universidad\Tercer Semestre\Programación Orientada a Objetos\Practicas\comidarapida2\src\main\scala\InterfazUsuario\InterfazUsuario.scala
WARN  no build target for: C:\Users\HP\Desktop\Universidad\Tercer Semestre\Programación Orientada a Objetos\Practicas\comidarapida2\src\main\scala\InterfazUsuario\InterfazUsuario.scala
WARN  no build target for: C:\Users\HP\Desktop\Universidad\Tercer Semestre\Programación Orientada a Objetos\Practicas\comidarapida2\src\main\scala\InterfazUsuario\InterfazUsuario.scala
abr 28, 2020 7:34:06 PM org.eclipse.lsp4j.jsonrpc.RemoteEndpoint handleCancellation
ADVERTENCIA: Unmatched cancel notification for request id 5185
abr 28, 2020 7:34:47 PM org.eclipse.lsp4j.jsonrpc.RemoteEndpoint handleCancellation
ADVERTENCIA: Unmatched cancel notification for request id 5272
WARN  no build target for: C:\Users\HP\Desktop\Universidad\Tercer Semestre\Programación Orientada a Objetos\Practicas\comidarapida2\src\main\scala\InterfazUsuario\InterfazUsuario.scala
WARN  no build target for: C:\Users\HP\Desktop\Universidad\Tercer Semestre\Programación Orientada a Objetos\Practicas\comidarapida2\src\main\scala\InterfazUsuario\InterfazUsuario.scala
WARN  no build target for: C:\Users\HP\Desktop\Universidad\Tercer Semestre\Programación Orientada a Objetos\Practicas\comidarapida2\src\main\scala\InterfazUsuario\InterfazUsuario.scala
WARN  no build target for: C:\Users\HP\Desktop\Universidad\Tercer Semestre\Programación Orientada a Objetos\Practicas\comidarapida2\src\main\scala\InterfazUsuario\InterfazUsuario.scala
WARN  no build target for: C:\Users\HP\Desktop\Universidad\Tercer Semestre\Programación Orientada a Objetos\Practicas\comidarapida2\src\main\scala\InterfazUsuario\InterfazUsuario.scala
something's wrong: no file:///c%3A/Users/HP/Desktop/Universidad/Tercer%20Semestre/Programaci%C3%B3n%20Orientada%20a%20Objetos/Practicas/comidarapida2/src/main/scala/InterfazUsuario/InterfazUsuario.scala in List[<error>]RangePosition(file:///c%3A/Users/HP/Desktop/Universidad/Tercer%20Semestre/Programaci%C3%B3n%20Orientada%20a%20Objetos/Practicas/comidarapida2/src/main/scala/InterfazUsuario/InterfazUsuario.scala, 1125, 1125, 1139)
something's wrong: no file:///c%3A/Users/HP/Desktop/Universidad/Tercer%20Semestre/Programaci%C3%B3n%20Orientada%20a%20Objetos/Practicas/comidarapida2/src/main/scala/InterfazUsuario/InterfazUsuario.scala in List[<error>]RangePosition(file:///c%3A/Users/HP/Desktop/Universidad/Tercer%20Semestre/Programaci%C3%B3n%20Orientada%20a%20Objetos/Practicas/comidarapida2/src/main/scala/InterfazUsuario/InterfazUsuario.scala, 1125, 1125, 1139)
something's wrong: no file:///c%3A/Users/HP/Desktop/Universidad/Tercer%20Semestre/Programaci%C3%B3n%20Orientada%20a%20Objetos/Practicas/comidarapida2/src/main/scala/InterfazUsuario/InterfazUsuario.scala in List[<error>]RangePosition(file:///c%3A/Users/HP/Desktop/Universidad/Tercer%20Semestre/Programaci%C3%B3n%20Orientada%20a%20Objetos/Practicas/comidarapida2/src/main/scala/InterfazUsuario/InterfazUsuario.scala, 1125, 1125, 1133)
something's wrong: no file:///c%3A/Users/HP/Desktop/Universidad/Tercer%20Semestre/Programaci%C3%B3n%20Orientada%20a%20Objetos/Practicas/comidarapida2/src/main/scala/InterfazUsuario/InterfazUsuario.scala in List[<error>]RangePosition(file:///c%3A/Users/HP/Desktop/Universidad/Tercer%20Semestre/Programaci%C3%B3n%20Orientada%20a%20Objetos/Practicas/comidarapida2/src/main/scala/InterfazUsuario/InterfazUsuario.scala, 1125, 1125, 1134)
something's wrong: no file:///c%3A/Users/HP/Desktop/Universidad/Tercer%20Semestre/Programaci%C3%B3n%20Orientada%20a%20Objetos/Practicas/comidarapida2/src/main/scala/InterfazUsuario/InterfazUsuario.scala in List[<error>]RangePosition(file:///c%3A/Users/HP/Desktop/Universidad/Tercer%20Semestre/Programaci%C3%B3n%20Orientada%20a%20Objetos/Practicas/comidarapida2/src/main/scala/InterfazUsuario/InterfazUsuario.scala, 1125, 1125, 1135)
something's wrong: no file:///c%3A/Users/HP/Desktop/Universidad/Tercer%20Semestre/Programaci%C3%B3n%20Orientada%20a%20Objetos/Practicas/comidarapida2/src/main/scala/InterfazUsuario/InterfazUsuario.scala in List[<error>]RangePosition(file:///c%3A/Users/HP/Desktop/Universidad/Tercer%20Semestre/Programaci%C3%B3n%20Orientada%20a%20Objetos/Practicas/comidarapida2/src/main/scala/InterfazUsuario/InterfazUsuario.scala, 1125, 1125, 1141)
something's wrong: no file:///c%3A/Users/HP/Desktop/Universidad/Tercer%20Semestre/Programaci%C3%B3n%20Orientada%20a%20Objetos/Practicas/comidarapida2/src/main/scala/InterfazUsuario/InterfazUsuario.scala in List[<error>]RangePosition(file:///c%3A/Users/HP/Desktop/Universidad/Tercer%20Semestre/Programaci%C3%B3n%20Orientada%20a%20Objetos/Practicas/comidarapida2/src/main/scala/InterfazUsuario/InterfazUsuario.scala, 1125, 1125, 1141)
something's wrong: no file:///c%3A/Users/HP/Desktop/Universidad/Tercer%20Semestre/Programaci%C3%B3n%20Orientada%20a%20Objetos/Practicas/comidarapida2/src/main/scala/InterfazUsuario/InterfazUsuario.scala in List[<error>]RangePosition(file:///c%3A/Users/HP/Desktop/Universidad/Tercer%20Semestre/Programaci%C3%B3n%20Orientada%20a%20Objetos/Practicas/comidarapida2/src/main/scala/InterfazUsuario/InterfazUsuario.scala, 1125, 1125, 1141)
WARN  no build target for: C:\Users\HP\Desktop\Universidad\Tercer Semestre\Programación Orientada a Objetos\Practicas\comidarapida2\src\main\scala\InterfazUsuario\InterfazUsuario.scala
WARN  no build target for: C:\Users\HP\Desktop\Universidad\Tercer Semestre\Programación Orientada a Objetos\Practicas\comidarapida2\src\main\scala\Alimentos\TipoTamaño.scala
WARN  no build target for: C:\Users\HP\Desktop\Universidad\Tercer Semestre\Programación Orientada a Objetos\Practicas\comidarapida2\src\main\scala\InterfazUsuario\InterfazUsuario.scala
WARN  no build tool detected in workspace 'C:\Users\HP\Desktop\Universidad\Tercer Semestre\Programación Orientada a Objetos\Practicas'. The most common cause for this problem is that the editor was opened in the wrong working directory, for example if you use sbt then the workspace directory should contain build.sbt. 
WARN  no build target for: C:\Users\HP\Desktop\Universidad\Tercer Semestre\Programación Orientada a Objetos\Practicas\comidarapida2\src\main\scala\InterfazUsuario\InterfazUsuario.scala
WARN  no build target for: C:\Users\HP\Desktop\Universidad\Tercer Semestre\Programación Orientada a Objetos\Practicas\comidarapida2\src\main\scala\InterfazUsuario\InterfazUsuario.scala
WARN  no build target for: C:\Users\HP\Desktop\Universidad\Tercer Semestre\Programación Orientada a Objetos\Practicas\comidarapida2\src\main\scala\InterfazUsuario\InterfazUsuario.scala
WARN  no build target for: C:\Users\HP\Desktop\Universidad\Tercer Semestre\Programación Orientada a Objetos\Practicas\comidarapida2\src\main\scala\InterfazUsuario\InterfazUsuario.scala
INFO  started: Metals version 0.8.4 in workspace 'C:\Users\HP\Desktop\Universidad\Tercer Semestre\Programación Orientada a Objetos\Practicas'
INFO  time: initialize in 1.31s
WARN  no build tool detected in workspace 'C:\Users\HP\Desktop\Universidad\Tercer Semestre\Programación Orientada a Objetos\Practicas'. The most common cause for this problem is that the editor was opened in the wrong working directory, for example if you use sbt then the workspace directory should contain build.sbt. 
WARN  no build target for: C:\Users\HP\Desktop\Universidad\Tercer Semestre\Programación Orientada a Objetos\Practicas\comidarapida2\src\main\scala\InterfazUsuario\InterfazUsuario.scala
INFO  no build target: using presentation compiler with only scala-library
INFO  shutting down Metals
